<?xml version="1.0" encoding="UTF-8"?>
<testsuite name="com.chaffai.calculatrice.CalculatriceTest" tests="1" skipped="0" failures="0" errors="0" timestamp="2024-10-22T11:49:03" hostname="master" time="0.008">
  <properties/>
  <testcase name="testSum()" classname="com.chaffai.calculatrice.CalculatriceTest" time="0.008"/>
  <system-out><![CDATA[]]></system-out>
  <system-err><![CDATA[]]></system-err>
</testsuite>
