<?xml version="1.0" encoding="UTF-8"?>
<testsuite name="com.chaffai.calculatrice.CalculatriceApplicationTests" tests="1" skipped="0" failures="0" errors="0" timestamp="2024-10-22T11:48:59" hostname="master" time="4.205">
  <properties/>
  <testcase name="contextLoads()" classname="com.chaffai.calculatrice.CalculatriceApplicationTests" time="4.205"/>
  <system-out><![CDATA[12:48:55.171 [Test worker] INFO org.springframework.test.context.support.AnnotationConfigContextLoaderUtils -- Could not detect default configuration classes for test class [com.chaffai.calculatrice.CalculatriceApplicationTests]: CalculatriceApplicationTests does not declare any static, non-private, non-final, nested classes annotated with @Configuration.
12:48:55.480 [Test worker] INFO org.springframework.boot.test.context.SpringBootTestContextBootstrapper -- Found @SpringBootConfiguration com.chaffai.calculatrice.CalculatriceApplication for test class com.chaffai.calculatrice.CalculatriceApplicationTests

  .   ____          _            __ _ _
 /\\ / ___'_ __ _ _(_)_ __  __ _ \ \ \ \
( ( )\___ | '_ | '_| | '_ \/ _` | \ \ \ \
 \\/  ___)| |_)| | | | | || (_| |  ) ) ) )
  '  |____| .__|_| |_|_| |_\__, | / / / /
 =========|_|==============|___/=/_/_/_/

 :: Spring Boot ::                (v3.3.4)

2024-10-22T12:48:56.608+01:00  INFO 67429 --- [calculatrice] [    Test worker] c.c.c.CalculatriceApplicationTests       : Starting CalculatriceApplicationTests using Java 17.0.12 with PID 67429 (started by mj in /home/mj/calculatrice)
2024-10-22T12:48:56.613+01:00  INFO 67429 --- [calculatrice] [    Test worker] c.c.c.CalculatriceApplicationTests       : No active profile set, falling back to 1 default profile: "default"
2024-10-22T12:48:59.557+01:00  INFO 67429 --- [calculatrice] [    Test worker] c.c.c.CalculatriceApplicationTests       : Started CalculatriceApplicationTests in 3.682 seconds (process running for 6.882)
]]></system-out>
  <system-err><![CDATA[]]></system-err>
</testsuite>
