<?xml version="1.0" encoding="UTF-8"?>
<testsuite name="com.chaffai.calculatrice.CalculatriceApplicationTests" tests="1" skipped="0" failures="0" errors="0" timestamp="2024-10-29T08:04:08" hostname="master" time="3.081">
  <properties/>
  <testcase name="contextLoads()" classname="com.chaffai.calculatrice.CalculatriceApplicationTests" time="3.081"/>
  <system-out><![CDATA[09:03:59.150 [Test worker] INFO org.springframework.test.context.support.AnnotationConfigContextLoaderUtils -- Could not detect default configuration classes for test class [com.chaffai.calculatrice.CalculatriceApplicationTests]: CalculatriceApplicationTests does not declare any static, non-private, non-final, nested classes annotated with @Configuration.
09:03:59.837 [Test worker] INFO org.springframework.boot.test.context.SpringBootTestContextBootstrapper -- Found @SpringBootConfiguration com.chaffai.calculatrice.CalculatriceApplication for test class com.chaffai.calculatrice.CalculatriceApplicationTests

  .   ____          _            __ _ _
 /\\ / ___'_ __ _ _(_)_ __  __ _ \ \ \ \
( ( )\___ | '_ | '_| | '_ \/ _` | \ \ \ \
 \\/  ___)| |_)| | | | | || (_| |  ) ) ) )
  '  |____| .__|_| |_|_| |_\__, | / / / /
 =========|_|==============|___/=/_/_/_/

 :: Spring Boot ::                (v3.3.4)

2024-10-29T09:04:02.945+01:00  INFO 16323 --- [calculatrice] [    Test worker] c.c.c.CalculatriceApplicationTests       : Starting CalculatriceApplicationTests using Java 17.0.12 with PID 16323 (started by mj in /home/mj/calculatrice)
2024-10-29T09:04:02.951+01:00  INFO 16323 --- [calculatrice] [    Test worker] c.c.c.CalculatriceApplicationTests       : No active profile set, falling back to 1 default profile: "default"
2024-10-29T09:04:08.438+01:00  INFO 16323 --- [calculatrice] [    Test worker] c.c.c.CalculatriceApplicationTests       : Started CalculatriceApplicationTests in 7.431 seconds (process running for 14.974)
]]></system-out>
  <system-err><![CDATA[]]></system-err>
</testsuite>
